1515625453040	geckodriver	INFO	geckodriver 0.19.1
1515625453047	geckodriver	INFO	Listening on 127.0.0.1:53156
1515625454143	mozrunner::runner	INFO	Running command: "/Applications/Firefox.app/Contents/MacOS/firefox-bin" "-marionette" "-profile" "/var/folders/xf/7nx9rztx7vd2cpfptm984vr00000gn/T/rust_mozprofile.BtMtVxZG1azg"
1515625454824	Marionette	INFO	Enabled via --marionette
2018-01-10 15:04:15.670 plugin-container[1597:130957] *** CFMessagePort: bootstrap_register(): failed 1100 (0x44c) 'Permission denied', port = 0x7b43, name = 'com.apple.tsm.portname'
See /usr/include/servers/bootstrap_defs.h for the error codes.
2018-01-10 15:04:15.896 plugin-container[1597:130957] *** CFMessagePort: bootstrap_register(): failed 1100 (0x44c) 'Permission denied', port = 0x7b23, name = 'com.apple.coredrag'
See /usr/include/servers/bootstrap_defs.h for the error codes.
1515625456113	Marionette	INFO	Listening on port 53167
1515625456210	Marionette	WARN	TLS certificate errors will be ignored for this session
1515625456255	Marionette	DEBUG	Register listener.js for window 2147483649
1515625456268	Marionette	DEBUG	Received DOM event "beforeunload" for "about:blank"
1515625456721	Marionette	DEBUG	Received DOM event "pagehide" for "about:blank"
1515625456721	Marionette	DEBUG	Received DOM event "unload" for "about:blank"
1515625456813	Marionette	DEBUG	Received DOM event "DOMContentLoaded" for "https://www.google.com/?gws_rd=ssl"
1515625457004	Marionette	DEBUG	Received DOM event "pageshow" for "https://www.google.com/?gws_rd=ssl"
1515625504297	geckodriver	INFO	geckodriver 0.19.1
1515625504302	geckodriver	INFO	Listening on 127.0.0.1:53233
1515625505387	mozrunner::runner	INFO	Running command: "/Applications/Firefox.app/Contents/MacOS/firefox-bin" "-marionette" "-profile" "/var/folders/xf/7nx9rztx7vd2cpfptm984vr00000gn/T/rust_mozprofile.ev7SU1o5OzZi"
1515625505886	Marionette	INFO	Enabled via --marionette
2018-01-10 15:05:06.679 plugin-container[1607:131506] *** CFMessagePort: bootstrap_register(): failed 1100 (0x44c) 'Permission denied', port = 0x7b07, name = 'com.apple.tsm.portname'
See /usr/include/servers/bootstrap_defs.h for the error codes.
2018-01-10 15:05:06.851 plugin-container[1607:131506] *** CFMessagePort: bootstrap_register(): failed 1100 (0x44c) 'Permission denied', port = 0x198f, name = 'com.apple.coredrag'
See /usr/include/servers/bootstrap_defs.h for the error codes.
1515625507107	Marionette	INFO	Listening on port 53244
1515625507167	Marionette	WARN	TLS certificate errors will be ignored for this session
1515625507235	Marionette	DEBUG	Register listener.js for window 2147483649
1515625507262	Marionette	DEBUG	Received DOM event "beforeunload" for "about:blank"
1515625507675	Marionette	DEBUG	Received DOM event "pagehide" for "about:blank"
1515625507675	Marionette	DEBUG	Received DOM event "unload" for "about:blank"
1515625507762	Marionette	DEBUG	Received DOM event "DOMContentLoaded" for "https://www.google.com/?gws_rd=ssl"
1515625507971	Marionette	DEBUG	Received DOM event "pageshow" for "https://www.google.com/?gws_rd=ssl"
1515625508060	Marionette	DEBUG	Received DOM event "beforeunload" for "https://www.google.com/?gws_rd=ssl"
1515625508163	Marionette	DEBUG	Received DOM event "pagehide" for "https://www.google.com/?gws_rd=ssl"
1515625508165	Marionette	DEBUG	Received DOM event "unload" for "https://www.google.com/?gws_rd=ssl"
1515625509336	Marionette	DEBUG	Received DOM event "DOMContentLoaded" for "https://www.google.com/search?source=hp&ei=I5xWWsrNItC6jwOgw52YAw&q=USC&oq=USC&gs_l=psy-ab.12...130.136.0.147.3.1.0.0.0.0.0.0..0.0....0...1c.1.64.psy-ab..3.0.0....0._KYQYxdK-3U"
1515625510054	Marionette	DEBUG	Received DOM event "pageshow" for "https://www.google.com/search?source=hp&ei=I5xWWsrNItC6jwOgw52YAw&q=USC&oq=USC&gs_l=psy-ab.12...130.136.0.147.3.1.0.0.0.0.0.0..0.0....0...1c.1.64.psy-ab..3.0.0....0._KYQYxdK-3U"
1515625523255	geckodriver	INFO	geckodriver 0.19.1
1515625523261	geckodriver	INFO	Listening on 127.0.0.1:53314
1515625524353	mozrunner::runner	INFO	Running command: "/Applications/Firefox.app/Contents/MacOS/firefox-bin" "-marionette" "-profile" "/var/folders/xf/7nx9rztx7vd2cpfptm984vr00000gn/T/rust_mozprofile.jzIIiIa1QAUP"
1515625524826	Marionette	INFO	Enabled via --marionette
2018-01-10 15:05:25.540 plugin-container[1615:131853] *** CFMessagePort: bootstrap_register(): failed 1100 (0x44c) 'Permission denied', port = 0x733b, name = 'com.apple.tsm.portname'
See /usr/include/servers/bootstrap_defs.h for the error codes.
2018-01-10 15:05:25.690 plugin-container[1615:131853] *** CFMessagePort: bootstrap_register(): failed 1100 (0x44c) 'Permission denied', port = 0x7caf, name = 'com.apple.coredrag'
See /usr/include/servers/bootstrap_defs.h for the error codes.
1515625525960	Marionette	INFO	Listening on port 53325
1515625526024	Marionette	WARN	TLS certificate errors will be ignored for this session
1515625526072	Marionette	DEBUG	Register listener.js for window 2147483649
1515625526090	Marionette	DEBUG	Received DOM event "beforeunload" for "about:blank"
1515625526457	Marionette	DEBUG	Received DOM event "pagehide" for "about:blank"
1515625526457	Marionette	DEBUG	Received DOM event "unload" for "about:blank"
1515625526583	Marionette	DEBUG	Received DOM event "DOMContentLoaded" for "https://www.google.com/?gws_rd=ssl"
1515625526769	Marionette	DEBUG	Received DOM event "pageshow" for "https://www.google.com/?gws_rd=ssl"
1515625526865	Marionette	DEBUG	Received DOM event "beforeunload" for "https://www.google.com/?gws_rd=ssl"
1515625526967	Marionette	DEBUG	Received DOM event "pagehide" for "https://www.google.com/?gws_rd=ssl"
1515625526968	Marionette	DEBUG	Received DOM event "unload" for "https://www.google.com/?gws_rd=ssl"
1515625528058	Marionette	DEBUG	Received DOM event "DOMContentLoaded" for "https://www.google.com/search?source=hp&ei=NpxWWraRFoGgjwPul6fQCg&q=USC&oq=USC&gs_l=psy-ab.12...103.110.0.138.3.1.0.0.0.0.0.0..0.0....0...1c.1.64.psy-ab..3.0.0....0.PWzGAyMG5G8"
1515625528793	Marionette	DEBUG	Received DOM event "pageshow" for "https://www.google.com/search?source=hp&ei=NpxWWraRFoGgjwPul6fQCg&q=USC&oq=USC&gs_l=psy-ab.12...103.110.0.138.3.1.0.0.0.0.0.0..0.0....0...1c.1.64.psy-ab..3.0.0....0.PWzGAyMG5G8"
2018-01-10 15:09:33.315 firefox-bin[1606:131431] IMKInputSession [0x127e9dca0 presentFunctionRowItemTextInputViewWithEndpoint:completionHandler:] : [self textInputContext]=0x112dcc340 *NO* NSRemoteViewController to client, NSError=Error Domain=NSCocoaErrorDomain Code=4097 "connection from pid 0" UserInfo={NSDebugDescription=connection from pid 0}, com.apple.inputmethod.EmojiFunctionRowItem
2018-01-10 15:10:58.371 firefox-bin[1606:131431] IMKInputSession [0x127e9dca0 presentFunctionRowItemTextInputViewWithEndpoint:completionHandler:] : [self textInputContext]=0x112dcc340 *NO* NSRemoteViewController to client, NSError=Error Domain=NSCocoaErrorDomain Code=4097 "connection from pid 0" UserInfo={NSDebugDescription=connection from pid 0}, com.apple.inputmethod.EmojiFunctionRowItem
